<?xml version="1.0" encoding="UTF-8"?>
<Site BuildName="(empty)"
	BuildStamp="20240418-0417-Experimental"
	Name="(empty)"
	Generator="ctest-3.22.1"
	CompilerName=""
	CompilerVersion=""
	OSName="Linux"
	Hostname="carmelo-OptiPlex-9020"
	OSRelease="6.5.0-27-generic"
	OSVersion="#28~22.04.1-Ubuntu SMP PREEMPT_DYNAMIC Fri Mar 15 10:51:06 UTC 2"
	OSPlatform="x86_64"
	Is64Bits="1"
	VendorString="GenuineIntel"
	VendorID="Intel Corporation"
	FamilyID="6"
	ModelID="60"
	ProcessorCacheSize="6144"
	NumberOfLogicalCPU="4"
	NumberOfPhysicalCPU="4"
	TotalVirtualMemory="2047"
	TotalPhysicalMemory="3814"
	LogicalProcessorsPerPhysical="1"
	ProcessorClockFrequency="3293.19"
	>
	<Testing>
		<StartDateTime>Apr 18 01:20 -03</StartDateTime>
		<StartTestTime>1713414037</StartTestTime>
		<TestList/>
		<EndDateTime>Apr 18 01:20 -03</EndDateTime>
		<EndTestTime>1713414037</EndTestTime>
		<ElapsedMinutes>0</ElapsedMinutes>
	</Testing>
</Site>
